2026-07-01 06:32:58,617 [INFO] lympa.orchestrator: Lympha pipeline starting — mode=test
2026-07-01 06:32:58,624 [INFO] lympa.tier1.xgboost_model: Loaded XGBoost model from models/tier1/xgboost_model.json
2026-07-01 06:32:58,624 [WARNING] lympa.tier1.mamba_stream: mamba_ssm not installed — falling back to dummy scoring
2026-07-01 06:32:58,625 [INFO] lympa.tier2.guardrail: Loading prompt guardrail model ProtectAI/deberta-v3-base-prompt-injection-v2 ...
2026-07-01 06:32:58,658 [DEBUG] httpcore.connection: connect_tcp.started host='huggingface.co' port=443 local_address=None timeout=10 socket_options=None
2026-07-01 06:32:58,956 [DEBUG] httpcore.connection: connect_tcp.complete return_value=<httpcore._backends.sync.SyncStream object at 0x7f94ad49f770>
2026-07-01 06:32:58,956 [DEBUG] httpcore.connection: start_tls.started ssl_context=<ssl.SSLContext object at 0x7f94ad3c6c30> server_hostname='huggingface.co' timeout=10
2026-07-01 06:32:59,063 [DEBUG] httpcore.connection: start_tls.complete return_value=<httpcore._backends.sync.SyncStream object at 0x7f94ad542e90>
2026-07-01 06:32:59,063 [DEBUG] httpcore.http11: send_request_headers.started request=<Request [b'HEAD']>
2026-07-01 06:32:59,064 [DEBUG] httpcore.http11: send_request_headers.complete
2026-07-01 06:32:59,065 [DEBUG] httpcore.http11: send_request_body.started request=<Request [b'HEAD']>
2026-07-01 06:32:59,065 [DEBUG] httpcore.http11: send_request_body.complete
2026-07-01 06:32:59,065 [DEBUG] httpcore.http11: receive_response_headers.started request=<Request [b'HEAD']>
2026-07-01 06:32:59,265 [DEBUG] httpcore.http11: receive_response_headers.complete return_value=(b'HTTP/1.1', 307, b'Temporary Redirect', [(b'Content-Type', b'text/plain; charset=utf-8'), (b'Content-Length', b'106'), (b'Connection', b'keep-alive'), (b'Date', b'Wed, 01 Jul 2026 06:32:59 GMT'), (b'Location', b'/protectai/deberta-v3-base-prompt-injection-v2/resolve/main/config.json'), (b'X-Powered-By', b'huggingface-moon'), (b'X-Request-Id', b'Root=1-6a44b49b-291465e432c693d437f6f006;08b180b6-7934-45c0-9f45-5e32efaf9af8'), (b'RateLimit', b'"resolvers";r=2999;t=77'), (b'RateLimit-Policy', b'"fixed window";"resolvers";q=3000;w=300'), (b'cross-origin-opener-policy', b'same-origin'), (b'Referrer-Policy', b'strict-origin-when-cross-origin'), (b'Access-Control-Max-Age', b'86400'), (b'Access-Control-Allow-Origin', b'https://huggingface.co'), (b'Vary', b'Origin, Accept'), (b'Access-Control-Expose-Headers', b'X-Repo-Commit,X-Request-Id,X-Error-Code,X-Error-Message,X-Total-Count,ETag,Link,Accept-Ranges,Content-Range,X-Linked-Size,X-Linked-ETag,X-Xet-Hash'), (b'X-Cache', b'Miss from cloudfront'), (b'Via', b'1.1 6bbb2da0f4f203dadcd8f0ae1073d674.cloudfront.net (CloudFront)'), (b'X-Amz-Cf-Pop', b'CDG52-P4'), (b'X-Amz-Cf-Id', b'9Yg59P2LBZFNVYbEAn0JxS3RvMrEiDAwifnDV_9nhFiVgR0sJ_UWPQ==')])
2026-07-01 06:32:59,267 [INFO] httpx: HTTP Request: HEAD https://huggingface.co/ProtectAI/deberta-v3-base-prompt-injection-v2/resolve/main/config.json "HTTP/1.1 307 Temporary Redirect"
2026-07-01 06:32:59,268 [DEBUG] httpcore.http11: receive_response_body.started request=<Request [b'HEAD']>
2026-07-01 06:32:59,268 [DEBUG] httpcore.http11: receive_response_body.complete
2026-07-01 06:32:59,268 [DEBUG] httpcore.http11: response_closed.started
2026-07-01 06:32:59,269 [DEBUG] httpcore.http11: response_closed.complete
2026-07-01 06:32:59,270 [DEBUG] httpcore.http11: send_request_headers.started request=<Request [b'HEAD']>
2026-07-01 06:32:59,271 [DEBUG] httpcore.http11: send_request_headers.complete
2026-07-01 06:32:59,271 [DEBUG] httpcore.http11: send_request_body.started request=<Request [b'HEAD']>
2026-07-01 06:32:59,271 [DEBUG] httpcore.http11: send_request_body.complete
2026-07-01 06:32:59,272 [DEBUG] httpcore.http11: receive_response_headers.started request=<Request [b'HEAD']>
2026-07-01 06:32:59,469 [DEBUG] httpcore.http11: receive_response_headers.complete return_value=(b'HTTP/1.1', 307, b'Temporary Redirect', [(b'Content-Type', b'text/plain; charset=utf-8'), (b'Content-Length', b'294'), (b'Connection', b'keep-alive'), (b'Date', b'Wed, 01 Jul 2026 06:32:59 GMT'), (b'Location', b'/api/resolve-cache/models/protectai/deberta-v3-base-prompt-injection-v2/e6535ca4ce3ba852083e75ec585d7c8aeb4be4c5/config.json?%2Fprotectai%2Fdeberta-v3-base-prompt-injection-v2%2Fresolve%2Fmain%2Fconfig.json=&etag=%2275347aec096be871790c81deeb4175ec9a2be98a%22'), (b'X-Powered-By', b'huggingface-moon'), (b'X-Request-Id', b'Root=1-6a44b49b-56d13dff78e6660b341e17ef;c0ec54b2-99aa-4c15-b804-64c730b82acf'), (b'RateLimit', b'"resolvers";r=2998;t=77'), (b'RateLimit-Policy', b'"fixed window";"resolvers";q=3000;w=300'), (b'cross-origin-opener-policy', b'same-origin'), (b'Referrer-Policy', b'strict-origin-when-cross-origin'), (b'Access-Control-Max-Age', b'86400'), (b'Access-Control-Allow-Origin', b'https://huggingface.co'), (b'Vary', b'Origin, Accept'), (b'Access-Control-Expose-Headers', b'X-Repo-Commit,X-Request-Id,X-Error-Code,X-Error-Message,X-Total-Count,ETag,Link,Accept-Ranges,Content-Range,X-Linked-Size,X-Linked-ETag,X-Xet-Hash'), (b'X-Repo-Commit', b'e6535ca4ce3ba852083e75ec585d7c8aeb4be4c5'), (b'Accept-Ranges', b'bytes'), (b'X-HF-Warning', b'unauthenticated; Warning: You are sending unauthenticated requests to the HF Hub. Please set a HF_TOKEN to enable higher rate limits and faster downloads.'), (b'X-Hub-Cache', b'MISS'), (b'Content-Disposition', b'inline; filename*=UTF-8\'\'config.json; filename="config.json";'), (b'Content-Security-Policy', b"default-src 'none'; sandbox"), (b'X-Linked-ETag', b'"75347aec096be871790c81deeb4175ec9a2be98a"'), (b'X-Cache', b'Miss from cloudfront'), (b'Via', b'1.1 6bbb2da0f4f203dadcd8f0ae1073d674.cloudfront.net (CloudFront)'), (b'X-Amz-Cf-Pop', b'CDG52-P4'), (b'X-Amz-Cf-Id', b'moObEbMaCeD5wgd0GpffxbMVM0T68xnn8XgsRTLPyGowjQVryxJQ4A==')])
2026-07-01 06:32:59,470 [INFO] httpx: HTTP Request: HEAD https://huggingface.co/protectai/deberta-v3-base-prompt-injection-v2/resolve/main/config.json "HTTP/1.1 307 Temporary Redirect"
2026-07-01 06:32:59,471 [DEBUG] httpcore.http11: receive_response_body.started request=<Request [b'HEAD']>
2026-07-01 06:32:59,472 [DEBUG] httpcore.http11: receive_response_body.complete
2026-07-01 06:32:59,472 [DEBUG] httpcore.http11: response_closed.started
2026-07-01 06:32:59,472 [DEBUG] httpcore.http11: response_closed.complete
2026-07-01 06:32:59,472 [WARNING] huggingface_hub.utils._http: Warning: You are sending unauthenticated requests to the HF Hub. Please set a HF_TOKEN to enable higher rate limits and faster downloads.
2026-07-01 06:32:59,473 [DEBUG] httpcore.http11: send_request_headers.started request=<Request [b'HEAD']>
2026-07-01 06:32:59,474 [DEBUG] httpcore.http11: send_request_headers.complete
2026-07-01 06:32:59,474 [DEBUG] httpcore.http11: send_request_body.started request=<Request [b'HEAD']>
2026-07-01 06:32:59,474 [DEBUG] httpcore.http11: send_request_body.complete
2026-07-01 06:32:59,474 [DEBUG] httpcore.http11: receive_response_headers.started request=<Request [b'HEAD']>
2026-07-01 06:32:59,572 [DEBUG] httpcore.http11: receive_response_headers.complete return_value=(b'HTTP/1.1', 200, b'OK', [(b'Content-Type', b'text/plain; charset=utf-8'), (b'Content-Length', b'994'), (b'Connection', b'keep-alive'), (b'Date', b'Sun, 25 Jan 2026 14:41:45 GMT'), (b'ETag', b'"75347aec096be871790c81deeb4175ec9a2be98a"'), (b'X-Powered-By', b'huggingface-moon'), (b'X-Request-Id', b'Root=1-69762ba9-64be0bdb231e688236b94ce8;06898280-8373-432f-83c6-6899f3048bf4'), (b'RateLimit', b'"resolvers";r=2983;t=95'), (b'RateLimit-Policy', b'"fixed window";"resolvers";q=3000;w=300'), (b'cross-origin-opener-policy', b'same-origin'), (b'Referrer-Policy', b'strict-origin-when-cross-origin'), (b'Access-Control-Max-Age', b'86400'), (b'Access-Control-Allow-Origin', b'https://huggingface.co'), (b'Access-Control-Expose-Headers', b'X-Repo-Commit,X-Request-Id,X-Error-Code,X-Error-Message,X-Total-Count,ETag,Link,Accept-Ranges,Content-Range,X-Linked-Size,X-Linked-ETag,X-Xet-Hash'), (b'X-Repo-Commit', b'e6535ca4ce3ba852083e75ec585d7c8aeb4be4c5'), (b'Accept-Ranges', b'bytes'), (b'X-Hub-Cache', b'HIT'), (b'Content-Disposition', b'inline; filename*=UTF-8\'\'config.json; filename="config.json";'), (b'Content-Security-Policy', b"default-src 'none'; sandbox"), (b'Vary', b'Origin'), (b'X-Cache', b'Hit from cloudfront'), (b'Via', b'1.1 6bbb2da0f4f203dadcd8f0ae1073d674.cloudfront.net (CloudFront)'), (b'X-Amz-Cf-Pop', b'CDG52-P4'), (b'X-Amz-Cf-Id', b'PKKh8SwckA0YByh3H8nrhGhkTChck83R4b11MfMs3Q06h7SpRVleCg=='), (b'Age', b'13535474')])
2026-07-01 06:32:59,574 [INFO] httpx: HTTP Request: HEAD https://huggingface.co/api/resolve-cache/models/protectai/deberta-v3-base-prompt-injection-v2/e6535ca4ce3ba852083e75ec585d7c8aeb4be4c5/config.json "HTTP/1.1 200 OK"
2026-07-01 06:32:59,574 [DEBUG] httpcore.http11: receive_response_body.started request=<Request [b'HEAD']>
2026-07-01 06:32:59,574 [DEBUG] httpcore.http11: receive_response_body.complete
2026-07-01 06:32:59,575 [DEBUG] httpcore.http11: response_closed.started
2026-07-01 06:32:59,575 [DEBUG] httpcore.http11: response_closed.complete
2026-07-01 06:32:59,590 [DEBUG] httpcore.http11: send_request_headers.started request=<Request [b'HEAD']>
2026-07-01 06:32:59,590 [DEBUG] httpcore.http11: send_request_headers.complete
2026-07-01 06:32:59,591 [DEBUG] httpcore.http11: send_request_body.started request=<Request [b'HEAD']>
2026-07-01 06:32:59,591 [DEBUG] httpcore.http11: send_request_body.complete
2026-07-01 06:32:59,591 [DEBUG] httpcore.http11: receive_response_headers.started request=<Request [b'HEAD']>
2026-07-01 06:32:59,777 [DEBUG] httpcore.http11: receive_response_headers.complete return_value=(b'HTTP/1.1', 307, b'Temporary Redirect', [(b'Content-Type', b'text/plain; charset=utf-8'), (b'Content-Length', b'116'), (b'Connection', b'keep-alive'), (b'Date', b'Wed, 01 Jul 2026 06:32:59 GMT'), (b'Location', b'/protectai/deberta-v3-base-prompt-injection-v2/resolve/main/tokenizer_config.json'), (b'X-Powered-By', b'huggingface-moon'), (b'X-Request-Id', b'Root=1-6a44b49b-6103544d38b7588a43a32dad;1dee7eec-fd21-404b-bda2-a4851d0ed455'), (b'RateLimit', b'"resolvers";r=2997;t=77'), (b'RateLimit-Policy', b'"fixed window";"resolvers";q=3000;w=300'), (b'cross-origin-opener-policy', b'same-origin'), (b'Referrer-Policy', b'strict-origin-when-cross-origin'), (b'Access-Control-Max-Age', b'86400'), (b'Access-Control-Allow-Origin', b'https://huggingface.co'), (b'Vary', b'Origin, Accept'), (b'Access-Control-Expose-Headers', b'X-Repo-Commit,X-Request-Id,X-Error-Code,X-Error-Message,X-Total-Count,ETag,Link,Accept-Ranges,Content-Range,X-Linked-Size,X-Linked-ETag,X-Xet-Hash'), (b'X-Cache', b'Miss from cloudfront'), (b'Via', b'1.1 6bbb2da0f4f203dadcd8f0ae1073d674.cloudfront.net (CloudFront)'), (b'X-Amz-Cf-Pop', b'CDG52-P4'), (b'X-Amz-Cf-Id', b't2bhOpZ2MM4TaIwd23fjQDyGWRmTrAeddk-fq4Dt4nC_IlSfd3L1qw==')])
2026-07-01 06:32:59,778 [INFO] httpx: HTTP Request: HEAD https://huggingface.co/ProtectAI/deberta-v3-base-prompt-injection-v2/resolve/main/tokenizer_config.json "HTTP/1.1 307 Temporary Redirect"
2026-07-01 06:32:59,779 [DEBUG] httpcore.http11: receive_response_body.started request=<Request [b'HEAD']>
2026-07-01 06:32:59,779 [DEBUG] httpcore.http11: receive_response_body.complete
2026-07-01 06:32:59,779 [DEBUG] httpcore.http11: response_closed.started
2026-07-01 06:32:59,779 [DEBUG] httpcore.http11: response_closed.complete
2026-07-01 06:32:59,781 [DEBUG] httpcore.http11: send_request_headers.started request=<Request [b'HEAD']>
2026-07-01 06:32:59,781 [DEBUG] httpcore.http11: send_request_headers.complete
2026-07-01 06:32:59,781 [DEBUG] httpcore.http11: send_request_body.started request=<Request [b'HEAD']>
2026-07-01 06:32:59,782 [DEBUG] httpcore.http11: send_request_body.complete
2026-07-01 06:32:59,782 [DEBUG] httpcore.http11: receive_response_headers.started request=<Request [b'HEAD']>
2026-07-01 06:32:59,981 [DEBUG] httpcore.http11: receive_response_headers.complete return_value=(b'HTTP/1.1', 307, b'Temporary Redirect', [(b'Content-Type', b'text/plain; charset=utf-8'), (b'Content-Length', b'314'), (b'Connection', b'keep-alive'), (b'Date', b'Wed, 01 Jul 2026 06:32:59 GMT'), (b'Location', b'/api/resolve-cache/models/protectai/deberta-v3-base-prompt-injection-v2/e6535ca4ce3ba852083e75ec585d7c8aeb4be4c5/tokenizer_config.json?%2Fprotectai%2Fdeberta-v3-base-prompt-injection-v2%2Fresolve%2Fmain%2Ftokenizer_config.json=&etag=%2213d6406af565bd9e59dd649afd4c2b48bddb6a4c%22'), (b'X-Powered-By', b'huggingface-moon'), (b'X-Request-Id', b'Root=1-6a44b49b-2d656727334e8f351d254bf0;e4ffe715-ae78-447d-94ef-2f97f859658c'), (b'RateLimit', b'"resolvers";r=2996;t=77'), (b'RateLimit-Policy', b'"fixed window";"resolvers";q=3000;w=300'), (b'cross-origin-opener-policy', b'same-origin'), (b'Referrer-Policy', b'strict-origin-when-cross-origin'), (b'Access-Control-Max-Age', b'86400'), (b'Access-Control-Allow-Origin', b'https://huggingface.co'), (b'Vary', b'Origin, Accept'), (b'Access-Control-Expose-Headers', b'X-Repo-Commit,X-Request-Id,X-Error-Code,X-Error-Message,X-Total-Count,ETag,Link,Accept-Ranges,Content-Range,X-Linked-Size,X-Linked-ETag,X-Xet-Hash'), (b'X-Repo-Commit', b'e6535ca4ce3ba852083e75ec585d7c8aeb4be4c5'), (b'Accept-Ranges', b'bytes'), (b'X-Hub-Cache', b'MISS'), (b'Content-Disposition', b'inline; filename*=UTF-8\'\'tokenizer_config.json; filename="tokenizer_config.json";'), (b'Content-Security-Policy', b"default-src 'none'; sandbox"), (b'X-Linked-ETag', b'"13d6406af565bd9e59dd649afd4c2b48bddb6a4c"'), (b'X-Cache', b'Miss from cloudfront'), (b'Via', b'1.1 6bbb2da0f4f203dadcd8f0ae1073d674.cloudfront.net (CloudFront)'), (b'X-Amz-Cf-Pop', b'CDG52-P4'), (b'X-Amz-Cf-Id', b'HzWxVZ6-ZZTwtkQTd3YElUP2hA6gA0YwzG12kzPbGHcO90hr9lVtMw==')])
2026-07-01 06:32:59,982 [INFO] httpx: HTTP Request: HEAD https://huggingface.co/protectai/deberta-v3-base-prompt-injection-v2/resolve/main/tokenizer_config.json "HTTP/1.1 307 Temporary Redirect"
2026-07-01 06:32:59,983 [DEBUG] httpcore.http11: receive_response_body.started request=<Request [b'HEAD']>
2026-07-01 06:32:59,984 [DEBUG] httpcore.http11: receive_response_body.complete
2026-07-01 06:32:59,984 [DEBUG] httpcore.http11: response_closed.started
2026-07-01 06:32:59,984 [DEBUG] httpcore.http11: response_closed.complete
2026-07-01 06:32:59,985 [DEBUG] httpcore.http11: send_request_headers.started request=<Request [b'HEAD']>
2026-07-01 06:32:59,986 [DEBUG] httpcore.http11: send_request_headers.complete
2026-07-01 06:32:59,986 [DEBUG] httpcore.http11: send_request_body.started request=<Request [b'HEAD']>
2026-07-01 06:32:59,987 [DEBUG] httpcore.http11: send_request_body.complete
2026-07-01 06:32:59,987 [DEBUG] httpcore.http11: receive_response_headers.started request=<Request [b'HEAD']>
2026-07-01 06:33:00,084 [DEBUG] httpcore.http11: receive_response_headers.complete return_value=(b'HTTP/1.1', 200, b'OK', [(b'Content-Type', b'text/plain; charset=utf-8'), (b'Content-Length', b'1284'), (b'Connection', b'keep-alive'), (b'Date', b'Fri, 05 Jun 2026 02:21:40 GMT'), (b'ETag', b'"13d6406af565bd9e59dd649afd4c2b48bddb6a4c"'), (b'X-Powered-By', b'huggingface-moon'), (b'X-Request-Id', b'Root=1-6a2232b4-718e1aed541707587a41c502;f5976943-e4a5-4f09-a890-b3fd90a15ebe'), (b'RateLimit', b'"resolvers";r=2997;t=156'), (b'RateLimit-Policy', b'"fixed window";"resolvers";q=3000;w=300'), (b'cross-origin-opener-policy', b'same-origin'), (b'Referrer-Policy', b'strict-origin-when-cross-origin'), (b'Access-Control-Max-Age', b'86400'), (b'Access-Control-Allow-Origin', b'https://huggingface.co'), (b'Access-Control-Expose-Headers', b'X-Repo-Commit,X-Request-Id,X-Error-Code,X-Error-Message,X-Total-Count,ETag,Link,Accept-Ranges,Content-Range,X-Linked-Size,X-Linked-ETag,X-Xet-Hash'), (b'X-Repo-Commit', b'e6535ca4ce3ba852083e75ec585d7c8aeb4be4c5'), (b'Accept-Ranges', b'bytes'), (b'Content-Disposition', b'inline; filename*=UTF-8\'\'tokenizer_config.json; filename="tokenizer_config.json";'), (b'Content-Security-Policy', b"default-src 'none'; sandbox"), (b'Vary', b'Origin'), (b'X-Cache', b'Hit from cloudfront'), (b'Via', b'1.1 6bbb2da0f4f203dadcd8f0ae1073d674.cloudfront.net (CloudFront)'), (b'X-Amz-Cf-Pop', b'CDG52-P4'), (b'X-Amz-Cf-Id', b'qdSQybR_-xn1T2E-11k79c-Xe5vNUcrzoBF6WDi958vG6hQpqklNeA=='), (b'Age', b'2261480')])
2026-07-01 06:33:00,085 [INFO] httpx: HTTP Request: HEAD https://huggingface.co/api/resolve-cache/models/protectai/deberta-v3-base-prompt-injection-v2/e6535ca4ce3ba852083e75ec585d7c8aeb4be4c5/tokenizer_config.json "HTTP/1.1 200 OK"
2026-07-01 06:33:00,085 [DEBUG] httpcore.http11: receive_response_body.started request=<Request [b'HEAD']>
2026-07-01 06:33:00,086 [DEBUG] httpcore.http11: receive_response_body.complete
2026-07-01 06:33:00,086 [DEBUG] httpcore.http11: response_closed.started
2026-07-01 06:33:00,086 [DEBUG] httpcore.http11: response_closed.complete
2026-07-01 06:33:00,095 [DEBUG] httpcore.http11: send_request_headers.started request=<Request [b'GET']>
2026-07-01 06:33:00,096 [DEBUG] httpcore.http11: send_request_headers.complete
2026-07-01 06:33:00,096 [DEBUG] httpcore.http11: send_request_body.started request=<Request [b'GET']>
2026-07-01 06:33:00,096 [DEBUG] httpcore.http11: send_request_body.complete
2026-07-01 06:33:00,097 [DEBUG] httpcore.http11: receive_response_headers.started request=<Request [b'GET']>
2026-07-01 06:33:00,390 [DEBUG] httpcore.http11: receive_response_headers.complete return_value=(b'HTTP/1.1', 307, b'Temporary Redirect', [(b'Content-Type', b'text/plain; charset=utf-8'), (b'Content-Length', b'157'), (b'Connection', b'keep-alive'), (b'Date', b'Wed, 01 Jul 2026 06:33:00 GMT'), (b'Location', b'/api/models/protectai/deberta-v3-base-prompt-injection-v2/tree/main/additional_chat_templates?recursive=false&expand=false'), (b'X-Powered-By', b'huggingface-moon'), (b'X-Request-Id', b'Root=1-6a44b49c-503761945d6c3b3f0d4cbaf0;0bf33ab3-6173-4397-a8c4-39b7b2d7d362'), (b'RateLimit', b'"api";r=499;t=76'), (b'RateLimit-Policy', b'"fixed window";"api";q=500;w=300'), (b'cross-origin-opener-policy', b'same-origin'), (b'Referrer-Policy', b'strict-origin-when-cross-origin'), (b'Access-Control-Max-Age', b'86400'), (b'Access-Control-Allow-Origin', b'https://huggingface.co'), (b'Vary', b'Origin, Accept'), (b'Access-Control-Expose-Headers', b'X-Repo-Commit,X-Request-Id,X-Error-Code,X-Error-Message,X-Total-Count,ETag,Link,Accept-Ranges,Content-Range,X-Linked-Size,X-Linked-ETag,X-Xet-Hash'), (b'X-Cache', b'Miss from cloudfront'), (b'Via', b'1.1 6bbb2da0f4f203dadcd8f0ae1073d674.cloudfront.net (CloudFront)'), (b'X-Amz-Cf-Pop', b'CDG52-P4'), (b'X-Amz-Cf-Id', b'Qp7c0o-mYhChf8wGLunWK_wx60OOwZBgjHMUyAEM3bnj4QZvLJVvUQ==')])
2026-07-01 06:33:00,392 [INFO] httpx: HTTP Request: GET https://huggingface.co/api/models/ProtectAI/deberta-v3-base-prompt-injection-v2/tree/main/additional_chat_templates?recursive=false&expand=false "HTTP/1.1 307 Temporary Redirect"
2026-07-01 06:33:00,393 [DEBUG] httpcore.http11: receive_response_body.started request=<Request [b'GET']>
2026-07-01 06:33:00,393 [DEBUG] httpcore.http11: receive_response_body.complete
2026-07-01 06:33:00,393 [DEBUG] httpcore.http11: response_closed.started
2026-07-01 06:33:00,394 [DEBUG] httpcore.http11: response_closed.complete
2026-07-01 06:33:00,394 [DEBUG] httpcore.http11: send_request_headers.started request=<Request [b'GET']>
2026-07-01 06:33:00,395 [DEBUG] httpcore.http11: send_request_headers.complete
2026-07-01 06:33:00,395 [DEBUG] httpcore.http11: send_request_body.started request=<Request [b'GET']>
2026-07-01 06:33:00,395 [DEBUG] httpcore.http11: send_request_body.complete
2026-07-01 06:33:00,395 [DEBUG] httpcore.http11: receive_response_headers.started request=<Request [b'GET']>
2026-07-01 06:33:00,596 [DEBUG] httpcore.http11: receive_response_headers.complete return_value=(b'HTTP/1.1', 404, b'Not Found', [(b'Content-Type', b'application/json; charset=utf-8'), (b'Content-Length', b'64'), (b'Connection', b'keep-alive'), (b'Date', b'Wed, 01 Jul 2026 06:33:00 GMT'), (b'ETag', b'W/"40-09f9IAqP13xarAhQxFS2W8rvRkM"'), (b'X-Powered-By', b'huggingface-moon'), (b'X-Request-Id', b'Root=1-6a44b49c-051f00061cb993fd4c28a784;0bf33ab3-6173-4397-a8c4-39b7b2d7d362'), (b'RateLimit', b'"api";r=498;t=76'), (b'RateLimit-Policy', b'"fixed window";"api";q=500;w=300'), (b'cross-origin-opener-policy', b'same-origin'), (b'Referrer-Policy', b'strict-origin-when-cross-origin'), (b'Access-Control-Max-Age', b'86400'), (b'Access-Control-Allow-Origin', b'https://huggingface.co'), (b'Vary', b'Origin'), (b'Access-Control-Expose-Headers', b'X-Repo-Commit,X-Request-Id,X-Error-Code,X-Error-Message,X-Total-Count,ETag,Link,Accept-Ranges,Content-Range,X-Linked-Size,X-Linked-ETag,X-Xet-Hash'), (b'X-Error-Code', b'EntryNotFound'), (b'X-Error-Message', b'additional_chat_templates does not exist on "main"'), (b'X-Cache', b'Error from cloudfront'), (b'Via', b'1.1 6bbb2da0f4f203dadcd8f0ae1073d674.cloudfront.net (CloudFront)'), (b'X-Amz-Cf-Pop', b'CDG52-P4'), (b'X-Amz-Cf-Id', b'2_kp2p63Oil7A3LmOPDEdGW-BtgcAPppt0WKuaz6y8ctz8420oxo3w==')])
2026-07-01 06:33:00,597 [INFO] httpx: HTTP Request: GET https://huggingface.co/api/models/protectai/deberta-v3-base-prompt-injection-v2/tree/main/additional_chat_templates?recursive=false&expand=false "HTTP/1.1 404 Not Found"
2026-07-01 06:33:00,598 [DEBUG] httpcore.http11: receive_response_body.started request=<Request [b'GET']>
2026-07-01 06:33:00,598 [DEBUG] httpcore.http11: receive_response_body.complete
2026-07-01 06:33:00,598 [DEBUG] httpcore.http11: response_closed.started
2026-07-01 06:33:00,598 [DEBUG] httpcore.http11: response_closed.complete
2026-07-01 06:33:00,601 [DEBUG] httpcore.http11: send_request_headers.started request=<Request [b'GET']>
2026-07-01 06:33:00,602 [DEBUG] httpcore.http11: send_request_headers.complete
2026-07-01 06:33:00,602 [DEBUG] httpcore.http11: send_request_body.started request=<Request [b'GET']>
2026-07-01 06:33:00,602 [DEBUG] httpcore.http11: send_request_body.complete
2026-07-01 06:33:00,603 [DEBUG] httpcore.http11: receive_response_headers.started request=<Request [b'GET']>
2026-07-01 06:33:00,801 [DEBUG] httpcore.http11: receive_response_headers.complete return_value=(b'HTTP/1.1', 307, b'Temporary Redirect', [(b'Content-Type', b'text/plain; charset=utf-8'), (b'Content-Length', b'130'), (b'Connection', b'keep-alive'), (b'Date', b'Wed, 01 Jul 2026 06:33:00 GMT'), (b'Location', b'/api/models/protectai/deberta-v3-base-prompt-injection-v2/tree/main?recursive=true&expand=false'), (b'X-Powered-By', b'huggingface-moon'), (b'X-Request-Id', b'Root=1-6a44b49c-679ecd9447c2c2c4794fe45a;5e2a45b6-8fb9-4fbe-b00a-c5f6cdaa775b'), (b'RateLimit', b'"api";r=497;t=76'), (b'RateLimit-Policy', b'"fixed window";"api";q=500;w=300'), (b'cross-origin-opener-policy', b'same-origin'), (b'Referrer-Policy', b'strict-origin-when-cross-origin'), (b'Access-Control-Max-Age', b'86400'), (b'Access-Control-Allow-Origin', b'https://huggingface.co'), (b'Vary', b'Origin, Accept'), (b'Access-Control-Expose-Headers', b'X-Repo-Commit,X-Request-Id,X-Error-Code,X-Error-Message,X-Total-Count,ETag,Link,Accept-Ranges,Content-Range,X-Linked-Size,X-Linked-ETag,X-Xet-Hash'), (b'X-Cache', b'Miss from cloudfront'), (b'Via', b'1.1 6bbb2da0f4f203dadcd8f0ae1073d674.cloudfront.net (CloudFront)'), (b'X-Amz-Cf-Pop', b'CDG52-P4'), (b'X-Amz-Cf-Id', b'tzj10D0625PqhjosdtG49lgXLHu5PObrUDaYC2nCU6O1hr8CgEa47w==')])
2026-07-01 06:33:00,802 [INFO] httpx: HTTP Request: GET https://huggingface.co/api/models/ProtectAI/deberta-v3-base-prompt-injection-v2/tree/main?recursive=true&expand=false "HTTP/1.1 307 Temporary Redirect"
2026-07-01 06:33:00,803 [DEBUG] httpcore.http11: receive_response_body.started request=<Request [b'GET']>
2026-07-01 06:33:00,804 [DEBUG] httpcore.http11: receive_response_body.complete
2026-07-01 06:33:00,804 [DEBUG] httpcore.http11: response_closed.started
2026-07-01 06:33:00,804 [DEBUG] httpcore.http11: response_closed.complete
2026-07-01 06:33:00,805 [DEBUG] httpcore.http11: send_request_headers.started request=<Request [b'GET']>
2026-07-01 06:33:00,805 [DEBUG] httpcore.http11: send_request_headers.complete
2026-07-01 06:33:00,806 [DEBUG] httpcore.http11: send_request_body.started request=<Request [b'GET']>
2026-07-01 06:33:00,806 [DEBUG] httpcore.http11: send_request_body.complete
2026-07-01 06:33:00,806 [DEBUG] httpcore.http11: receive_response_headers.started request=<Request [b'GET']>
2026-07-01 06:33:01,005 [DEBUG] httpcore.http11: receive_response_headers.complete return_value=(b'HTTP/1.1', 200, b'OK', [(b'Content-Type', b'application/json; charset=utf-8'), (b'Transfer-Encoding', b'chunked'), (b'Connection', b'keep-alive'), (b'Date', b'Wed, 01 Jul 2026 06:33:01 GMT'), (b'content-encoding', b'gzip'), (b'ETag', b'W/"bfa-ENpPgtxeBwv3ZW+FZVjNU92VEo8"'), (b'X-Powered-By', b'huggingface-moon'), (b'X-Request-Id', b'Root=1-6a44b49d-3df905d8505b60156de58aaf;5e2a45b6-8fb9-4fbe-b00a-c5f6cdaa775b'), (b'RateLimit', b'"api";r=496;t=75'), (b'RateLimit-Policy', b'"fixed window";"api";q=500;w=300'), (b'cross-origin-opener-policy', b'same-origin'), (b'Referrer-Policy', b'strict-origin-when-cross-origin'), (b'Access-Control-Max-Age', b'86400'), (b'Access-Control-Allow-Origin', b'https://huggingface.co'), (b'Vary', b'Origin'), (b'vary', b'Accept-Encoding'), (b'Access-Control-Expose-Headers', b'X-Repo-Commit,X-Request-Id,X-Error-Code,X-Error-Message,X-Total-Count,ETag,Link,Accept-Ranges,Content-Range,X-Linked-Size,X-Linked-ETag,X-Xet-Hash'), (b'X-Cache', b'Miss from cloudfront'), (b'Via', b'1.1 6bbb2da0f4f203dadcd8f0ae1073d674.cloudfront.net (CloudFront)'), (b'X-Amz-Cf-Pop', b'CDG52-P4'), (b'X-Amz-Cf-Id', b'jjpi759cGPiCdcdeEdzM2nKYYQSD5WhJ6DusLH53D_g5GngCNqrLZg==')])
2026-07-01 06:33:01,006 [INFO] httpx: HTTP Request: GET https://huggingface.co/api/models/protectai/deberta-v3-base-prompt-injection-v2/tree/main?recursive=true&expand=false "HTTP/1.1 200 OK"
2026-07-01 06:33:01,006 [DEBUG] httpcore.http11: receive_response_body.started request=<Request [b'GET']>
2026-07-01 06:33:01,007 [DEBUG] httpcore.http11: receive_response_body.complete
2026-07-01 06:33:01,007 [DEBUG] httpcore.http11: response_closed.started
2026-07-01 06:33:01,007 [DEBUG] httpcore.http11: response_closed.complete
2026-07-01 06:33:02,109 [DEBUG] httpcore.http11: send_request_headers.started request=<Request [b'GET']>
2026-07-01 06:33:02,109 [DEBUG] httpcore.http11: send_request_headers.complete
2026-07-01 06:33:02,109 [DEBUG] httpcore.http11: send_request_body.started request=<Request [b'GET']>
2026-07-01 06:33:02,110 [DEBUG] httpcore.http11: send_request_body.complete
2026-07-01 06:33:02,110 [DEBUG] httpcore.http11: receive_response_headers.started request=<Request [b'GET']>
2026-07-01 06:33:02,336 [DEBUG] httpcore.http11: receive_response_headers.complete return_value=(b'HTTP/1.1', 307, b'Temporary Redirect', [(b'Content-Type', b'text/plain; charset=utf-8'), (b'Content-Length', b'92'), (b'Connection', b'keep-alive'), (b'Date', b'Wed, 01 Jul 2026 06:33:02 GMT'), (b'Location', b'/api/models/protectai/deberta-v3-base-prompt-injection-v2'), (b'X-Powered-By', b'huggingface-moon'), (b'X-Request-Id', b'Root=1-6a44b49e-231fc4dc21a6a17f6608db81;62fae099-0cca-4cfc-b426-6e6eadb8f9ba'), (b'RateLimit', b'"api";r=495;t=74'), (b'RateLimit-Policy', b'"fixed window";"api";q=500;w=300'), (b'cross-origin-opener-policy', b'same-origin'), (b'Referrer-Policy', b'strict-origin-when-cross-origin'), (b'Access-Control-Max-Age', b'86400'), (b'Access-Control-Allow-Origin', b'https://huggingface.co'), (b'Vary', b'Origin, Accept'), (b'Access-Control-Expose-Headers', b'X-Repo-Commit,X-Request-Id,X-Error-Code,X-Error-Message,X-Total-Count,ETag,Link,Accept-Ranges,Content-Range,X-Linked-Size,X-Linked-ETag,X-Xet-Hash'), (b'X-Cache', b'Miss from cloudfront'), (b'Via', b'1.1 6bbb2da0f4f203dadcd8f0ae1073d674.cloudfront.net (CloudFront)'), (b'X-Amz-Cf-Pop', b'CDG52-P4'), (b'X-Amz-Cf-Id', b'7P00P-4PzlyXZvIPlyIFNvgrzVruVLnjmBhcQJ8RawP2S1EhGdse_A==')])
2026-07-01 06:33:02,337 [INFO] httpx: HTTP Request: GET https://huggingface.co/api/models/ProtectAI/deberta-v3-base-prompt-injection-v2 "HTTP/1.1 307 Temporary Redirect"
2026-07-01 06:33:02,338 [DEBUG] httpcore.http11: receive_response_body.started request=<Request [b'GET']>
2026-07-01 06:33:02,339 [DEBUG] httpcore.http11: receive_response_body.complete
2026-07-01 06:33:02,339 [DEBUG] httpcore.http11: response_closed.started
2026-07-01 06:33:02,339 [DEBUG] httpcore.http11: response_closed.complete
2026-07-01 06:33:02,340 [DEBUG] httpcore.http11: send_request_headers.started request=<Request [b'GET']>
2026-07-01 06:33:02,340 [DEBUG] httpcore.http11: send_request_headers.complete
2026-07-01 06:33:02,340 [DEBUG] httpcore.http11: send_request_body.started request=<Request [b'GET']>
2026-07-01 06:33:02,341 [DEBUG] httpcore.http11: send_request_body.complete
2026-07-01 06:33:02,341 [DEBUG] httpcore.http11: receive_response_headers.started request=<Request [b'GET']>
2026-07-01 06:33:02,541 [DEBUG] httpcore.http11: receive_response_headers.complete return_value=(b'HTTP/1.1', 200, b'OK', [(b'Content-Type', b'application/json; charset=utf-8'), (b'Transfer-Encoding', b'chunked'), (b'Connection', b'keep-alive'), (b'Date', b'Wed, 01 Jul 2026 06:33:02 GMT'), (b'content-encoding', b'gzip'), (b'ETag', b'W/"eae-FlJzeQGA05PEUc/iicSZ6V5yjWo"'), (b'X-Powered-By', b'huggingface-moon'), (b'X-Request-Id', b'Root=1-6a44b49e-516e0a1b40f93d4b120f0bc1;62fae099-0cca-4cfc-b426-6e6eadb8f9ba'), (b'RateLimit', b'"api";r=494;t=74'), (b'RateLimit-Policy', b'"fixed window";"api";q=500;w=300'), (b'cross-origin-opener-policy', b'same-origin'), (b'Referrer-Policy', b'strict-origin-when-cross-origin'), (b'Access-Control-Max-Age', b'86400'), (b'Access-Control-Allow-Origin', b'https://huggingface.co'), (b'Vary', b'Origin'), (b'vary', b'Accept-Encoding'), (b'Access-Control-Expose-Headers', b'X-Repo-Commit,X-Request-Id,X-Error-Code,X-Error-Message,X-Total-Count,ETag,Link,Accept-Ranges,Content-Range,X-Linked-Size,X-Linked-ETag,X-Xet-Hash'), (b'X-Cache', b'Miss from cloudfront'), (b'Via', b'1.1 6bbb2da0f4f203dadcd8f0ae1073d674.cloudfront.net (CloudFront)'), (b'X-Amz-Cf-Pop', b'CDG52-P4'), (b'X-Amz-Cf-Id', b'Lv1iwVX0j9WN0DumnA-tfSHALkQ8O7zdLD7YBBwHw5uUhKORHjYIlg==')])
2026-07-01 06:33:02,542 [INFO] httpx: HTTP Request: GET https://huggingface.co/api/models/protectai/deberta-v3-base-prompt-injection-v2 "HTTP/1.1 200 OK"
2026-07-01 06:33:02,542 [DEBUG] httpcore.http11: receive_response_body.started request=<Request [b'GET']>
2026-07-01 06:33:02,543 [DEBUG] httpcore.http11: receive_response_body.complete
2026-07-01 06:33:02,543 [DEBUG] httpcore.http11: response_closed.started
2026-07-01 06:33:02,543 [DEBUG] httpcore.http11: response_closed.complete
2026-07-01 06:33:02,549 [DEBUG] httpcore.http11: send_request_headers.started request=<Request [b'HEAD']>
2026-07-01 06:33:02,550 [DEBUG] httpcore.http11: send_request_headers.complete
2026-07-01 06:33:02,550 [DEBUG] httpcore.http11: send_request_body.started request=<Request [b'HEAD']>
2026-07-01 06:33:02,550 [DEBUG] httpcore.http11: send_request_body.complete
2026-07-01 06:33:02,550 [DEBUG] httpcore.http11: receive_response_headers.started request=<Request [b'HEAD']>
2026-07-01 06:33:02,710 [DEBUG] httpcore.http11: receive_response_headers.complete return_value=(b'HTTP/1.1', 307, b'Temporary Redirect', [(b'Content-Type', b'text/plain; charset=utf-8'), (b'Content-Length', b'106'), (b'Connection', b'keep-alive'), (b'Date', b'Wed, 01 Jul 2026 06:33:02 GMT'), (b'Location', b'/protectai/deberta-v3-base-prompt-injection-v2/resolve/main/config.json'), (b'X-Powered-By', b'huggingface-moon'), (b'X-Request-Id', b'Root=1-6a44b49e-103dab164d2fa93e50684716;8d028ad9-f6cf-451c-a3ef-9e748b864424'), (b'RateLimit', b'"resolvers";r=2995;t=74'), (b'RateLimit-Policy', b'"fixed window";"resolvers";q=3000;w=300'), (b'cross-origin-opener-policy', b'same-origin'), (b'Referrer-Policy', b'strict-origin-when-cross-origin'), (b'Access-Control-Max-Age', b'86400'), (b'Access-Control-Allow-Origin', b'https://huggingface.co'), (b'Vary', b'Origin, Accept'), (b'Access-Control-Expose-Headers', b'X-Repo-Commit,X-Request-Id,X-Error-Code,X-Error-Message,X-Total-Count,ETag,Link,Accept-Ranges,Content-Range,X-Linked-Size,X-Linked-ETag,X-Xet-Hash'), (b'X-Cache', b'Miss from cloudfront'), (b'Via', b'1.1 6bbb2da0f4f203dadcd8f0ae1073d674.cloudfront.net (CloudFront)'), (b'X-Amz-Cf-Pop', b'CDG52-P4'), (b'X-Amz-Cf-Id', b'nKz3nLnCEomYPjAG156i9JEPwop_h-_V6i3I9Jf8ALFehrvM5dsz4Q==')])
2026-07-01 06:33:02,711 [INFO] httpx: HTTP Request: HEAD https://huggingface.co/ProtectAI/deberta-v3-base-prompt-injection-v2/resolve/main/config.json "HTTP/1.1 307 Temporary Redirect"
2026-07-01 06:33:02,712 [DEBUG] httpcore.http11: receive_response_body.started request=<Request [b'HEAD']>
2026-07-01 06:33:02,713 [DEBUG] httpcore.http11: receive_response_body.complete
2026-07-01 06:33:02,713 [DEBUG] httpcore.http11: response_closed.started
2026-07-01 06:33:02,713 [DEBUG] httpcore.http11: response_closed.complete
2026-07-01 06:33:02,714 [DEBUG] httpcore.http11: send_request_headers.started request=<Request [b'HEAD']>
2026-07-01 06:33:02,715 [DEBUG] httpcore.http11: send_request_headers.complete
2026-07-01 06:33:02,715 [DEBUG] httpcore.http11: send_request_body.started request=<Request [b'HEAD']>
2026-07-01 06:33:02,716 [DEBUG] httpcore.http11: send_request_body.complete
2026-07-01 06:33:02,716 [DEBUG] httpcore.http11: receive_response_headers.started request=<Request [b'HEAD']>
2026-07-01 06:33:02,963 [DEBUG] httpcore.http11: receive_response_headers.complete return_value=(b'HTTP/1.1', 307, b'Temporary Redirect', [(b'Content-Type', b'text/plain; charset=utf-8'), (b'Content-Length', b'294'), (b'Connection', b'keep-alive'), (b'Date', b'Wed, 01 Jul 2026 06:33:02 GMT'), (b'Location', b'/api/resolve-cache/models/protectai/deberta-v3-base-prompt-injection-v2/e6535ca4ce3ba852083e75ec585d7c8aeb4be4c5/config.json?%2Fprotectai%2Fdeberta-v3-base-prompt-injection-v2%2Fresolve%2Fmain%2Fconfig.json=&etag=%2275347aec096be871790c81deeb4175ec9a2be98a%22'), (b'X-Powered-By', b'huggingface-moon'), (b'X-Request-Id', b'Root=1-6a44b49e-571025343b8def123a9430ac;b09c5b94-9fa5-4ed7-b673-1b5cc4c08a6f'), (b'RateLimit', b'"resolvers";r=2994;t=74'), (b'RateLimit-Policy', b'"fixed window";"resolvers";q=3000;w=300'), (b'cross-origin-opener-policy', b'same-origin'), (b'Referrer-Policy', b'strict-origin-when-cross-origin'), (b'Access-Control-Max-Age', b'86400'), (b'Access-Control-Allow-Origin', b'https://huggingface.co'), (b'Vary', b'Origin, Accept'), (b'Access-Control-Expose-Headers', b'X-Repo-Commit,X-Request-Id,X-Error-Code,X-Error-Message,X-Total-Count,ETag,Link,Accept-Ranges,Content-Range,X-Linked-Size,X-Linked-ETag,X-Xet-Hash'), (b'X-Repo-Commit', b'e6535ca4ce3ba852083e75ec585d7c8aeb4be4c5'), (b'Accept-Ranges', b'bytes'), (b'X-HF-Warning', b'unauthenticated; Warning: You are sending unauthenticated requests to the HF Hub. Please set a HF_TOKEN to enable higher rate limits and faster downloads.'), (b'X-Hub-Cache', b'HIT'), (b'Content-Disposition', b'inline; filename*=UTF-8\'\'config.json; filename="config.json";'), (b'Content-Security-Policy', b"default-src 'none'; sandbox"), (b'X-Linked-ETag', b'"75347aec096be871790c81deeb4175ec9a2be98a"'), (b'X-Cache', b'Miss from cloudfront'), (b'Via', b'1.1 6bbb2da0f4f203dadcd8f0ae1073d674.cloudfront.net (CloudFront)'), (b'X-Amz-Cf-Pop', b'CDG52-P4'), (b'X-Amz-Cf-Id', b'9jnXmtAKa4NqrLD2umNumIbfa2IAbhu1kwY5Fl3x8KkmcH637v00GQ==')])
2026-07-01 06:33:02,964 [INFO] httpx: HTTP Request: HEAD https://huggingface.co/protectai/deberta-v3-base-prompt-injection-v2/resolve/main/config.json "HTTP/1.1 307 Temporary Redirect"
2026-07-01 06:33:02,965 [DEBUG] httpcore.http11: receive_response_body.started request=<Request [b'HEAD']>
2026-07-01 06:33:02,965 [DEBUG] httpcore.http11: receive_response_body.complete
2026-07-01 06:33:02,966 [DEBUG] httpcore.http11: response_closed.started
2026-07-01 06:33:02,966 [DEBUG] httpcore.http11: response_closed.complete
2026-07-01 06:33:02,967 [DEBUG] httpcore.http11: send_request_headers.started request=<Request [b'HEAD']>
2026-07-01 06:33:02,968 [DEBUG] httpcore.http11: send_request_headers.complete
2026-07-01 06:33:02,968 [DEBUG] httpcore.http11: send_request_body.started request=<Request [b'HEAD']>
2026-07-01 06:33:02,968 [DEBUG] httpcore.http11: send_request_body.complete
2026-07-01 06:33:02,968 [DEBUG] httpcore.http11: receive_response_headers.started request=<Request [b'HEAD']>
2026-07-01 06:33:03,278 [DEBUG] httpcore.http11: receive_response_headers.complete return_value=(b'HTTP/1.1', 200, b'OK', [(b'Content-Type', b'text/plain; charset=utf-8'), (b'Content-Length', b'994'), (b'Connection', b'keep-alive'), (b'Date', b'Sun, 25 Jan 2026 14:41:45 GMT'), (b'ETag', b'"75347aec096be871790c81deeb4175ec9a2be98a"'), (b'X-Powered-By', b'huggingface-moon'), (b'X-Request-Id', b'Root=1-69762ba9-64be0bdb231e688236b94ce8;06898280-8373-432f-83c6-6899f3048bf4'), (b'RateLimit', b'"resolvers";r=2983;t=95'), (b'RateLimit-Policy', b'"fixed window";"resolvers";q=3000;w=300'), (b'cross-origin-opener-policy', b'same-origin'), (b'Referrer-Policy', b'strict-origin-when-cross-origin'), (b'Access-Control-Max-Age', b'86400'), (b'Access-Control-Allow-Origin', b'https://huggingface.co'), (b'Access-Control-Expose-Headers', b'X-Repo-Commit,X-Request-Id,X-Error-Code,X-Error-Message,X-Total-Count,ETag,Link,Accept-Ranges,Content-Range,X-Linked-Size,X-Linked-ETag,X-Xet-Hash'), (b'X-Repo-Commit', b'e6535ca4ce3ba852083e75ec585d7c8aeb4be4c5'), (b'Accept-Ranges', b'bytes'), (b'X-Hub-Cache', b'HIT'), (b'Content-Disposition', b'inline; filename*=UTF-8\'\'config.json; filename="config.json";'), (b'Content-Security-Policy', b"default-src 'none'; sandbox"), (b'Vary', b'Origin'), (b'X-Cache', b'Hit from cloudfront'), (b'Via', b'1.1 6bbb2da0f4f203dadcd8f0ae1073d674.cloudfront.net (CloudFront)'), (b'X-Amz-Cf-Pop', b'CDG52-P4'), (b'X-Amz-Cf-Id', b'0vKUm87DC2q7BameFhqQAvYZl9hF-sqlc9D181T0Y0H7-q-nw5xJaA=='), (b'Age', b'13535478')])
2026-07-01 06:33:03,279 [INFO] httpx: HTTP Request: HEAD https://huggingface.co/api/resolve-cache/models/protectai/deberta-v3-base-prompt-injection-v2/e6535ca4ce3ba852083e75ec585d7c8aeb4be4c5/config.json "HTTP/1.1 200 OK"
2026-07-01 06:33:03,280 [DEBUG] httpcore.http11: receive_response_body.started request=<Request [b'HEAD']>
2026-07-01 06:33:03,280 [DEBUG] httpcore.http11: receive_response_body.complete
2026-07-01 06:33:03,280 [DEBUG] httpcore.http11: response_closed.started
2026-07-01 06:33:03,280 [DEBUG] httpcore.http11: response_closed.complete
2026-07-01 06:33:03,983 [DEBUG] httpcore.http11: send_request_headers.started request=<Request [b'HEAD']>
2026-07-01 06:33:03,984 [DEBUG] httpcore.http11: send_request_headers.complete
2026-07-01 06:33:03,984 [DEBUG] httpcore.http11: send_request_body.started request=<Request [b'HEAD']>
2026-07-01 06:33:03,984 [DEBUG] httpcore.http11: send_request_body.complete
2026-07-01 06:33:03,984 [DEBUG] httpcore.http11: receive_response_headers.started request=<Request [b'HEAD']>
2026-07-01 06:33:04,178 [DEBUG] httpcore.http11: receive_response_headers.complete return_value=(b'HTTP/1.1', 307, b'Temporary Redirect', [(b'Content-Type', b'text/plain; charset=utf-8'), (b'Content-Length', b'106'), (b'Connection', b'keep-alive'), (b'Date', b'Wed, 01 Jul 2026 06:33:04 GMT'), (b'Location', b'/protectai/deberta-v3-base-prompt-injection-v2/resolve/main/config.json'), (b'X-Powered-By', b'huggingface-moon'), (b'X-Request-Id', b'Root=1-6a44b4a0-45f1832336e914ab0458169e;ec37e5eb-86f4-4eec-855c-243057a06429'), (b'RateLimit', b'"resolvers";r=2993;t=72'), (b'RateLimit-Policy', b'"fixed window";"resolvers";q=3000;w=300'), (b'cross-origin-opener-policy', b'same-origin'), (b'Referrer-Policy', b'strict-origin-when-cross-origin'), (b'Access-Control-Max-Age', b'86400'), (b'Access-Control-Allow-Origin', b'https://huggingface.co'), (b'Vary', b'Origin, Accept'), (b'Access-Control-Expose-Headers', b'X-Repo-Commit,X-Request-Id,X-Error-Code,X-Error-Message,X-Total-Count,ETag,Link,Accept-Ranges,Content-Range,X-Linked-Size,X-Linked-ETag,X-Xet-Hash'), (b'X-Cache', b'Miss from cloudfront'), (b'Via', b'1.1 6bbb2da0f4f203dadcd8f0ae1073d674.cloudfront.net (CloudFront)'), (b'X-Amz-Cf-Pop', b'CDG52-P4'), (b'X-Amz-Cf-Id', b'KssOHlRBSq5XcXfpamMXzkqCI59L9jrE9wMGntqTH0V4wzN77s9rng==')])
2026-07-01 06:33:04,179 [INFO] httpx: HTTP Request: HEAD https://huggingface.co/ProtectAI/deberta-v3-base-prompt-injection-v2/resolve/main/config.json "HTTP/1.1 307 Temporary Redirect"
2026-07-01 06:33:04,180 [DEBUG] httpcore.http11: receive_response_body.started request=<Request [b'HEAD']>
2026-07-01 06:33:04,180 [DEBUG] httpcore.http11: receive_response_body.complete
2026-07-01 06:33:04,181 [DEBUG] httpcore.http11: response_closed.started
2026-07-01 06:33:04,181 [DEBUG] httpcore.http11: response_closed.complete
2026-07-01 06:33:04,182 [DEBUG] httpcore.http11: send_request_headers.started request=<Request [b'HEAD']>
2026-07-01 06:33:04,183 [DEBUG] httpcore.http11: send_request_headers.complete
2026-07-01 06:33:04,183 [DEBUG] httpcore.http11: send_request_body.started request=<Request [b'HEAD']>
2026-07-01 06:33:04,183 [DEBUG] httpcore.http11: send_request_body.complete
2026-07-01 06:33:04,184 [DEBUG] httpcore.http11: receive_response_headers.started request=<Request [b'HEAD']>
2026-07-01 06:33:04,381 [DEBUG] httpcore.http11: receive_response_headers.complete return_value=(b'HTTP/1.1', 307, b'Temporary Redirect', [(b'Content-Type', b'text/plain; charset=utf-8'), (b'Content-Length', b'294'), (b'Connection', b'keep-alive'), (b'Date', b'Wed, 01 Jul 2026 06:33:04 GMT'), (b'Location', b'/api/resolve-cache/models/protectai/deberta-v3-base-prompt-injection-v2/e6535ca4ce3ba852083e75ec585d7c8aeb4be4c5/config.json?%2Fprotectai%2Fdeberta-v3-base-prompt-injection-v2%2Fresolve%2Fmain%2Fconfig.json=&etag=%2275347aec096be871790c81deeb4175ec9a2be98a%22'), (b'X-Powered-By', b'huggingface-moon'), (b'X-Request-Id', b'Root=1-6a44b4a0-057d2546160505173251ec53;adf17b57-3a21-4019-8972-c09bd7d4f522'), (b'RateLimit', b'"resolvers";r=2992;t=72'), (b'RateLimit-Policy', b'"fixed window";"resolvers";q=3000;w=300'), (b'cross-origin-opener-policy', b'same-origin'), (b'Referrer-Policy', b'strict-origin-when-cross-origin'), (b'Access-Control-Max-Age', b'86400'), (b'Access-Control-Allow-Origin', b'https://huggingface.co'), (b'Vary', b'Origin, Accept'), (b'Access-Control-Expose-Headers', b'X-Repo-Commit,X-Request-Id,X-Error-Code,X-Error-Message,X-Total-Count,ETag,Link,Accept-Ranges,Content-Range,X-Linked-Size,X-Linked-ETag,X-Xet-Hash'), (b'X-Repo-Commit', b'e6535ca4ce3ba852083e75ec585d7c8aeb4be4c5'), (b'Accept-Ranges', b'bytes'), (b'X-HF-Warning', b'unauthenticated; Warning: You are sending unauthenticated requests to the HF Hub. Please set a HF_TOKEN to enable higher rate limits and faster downloads.'), (b'X-Hub-Cache', b'MISS'), (b'Content-Disposition', b'inline; filename*=UTF-8\'\'config.json; filename="config.json";'), (b'Content-Security-Policy', b"default-src 'none'; sandbox"), (b'X-Linked-ETag', b'"75347aec096be871790c81deeb4175ec9a2be98a"'), (b'X-Cache', b'Miss from cloudfront'), (b'Via', b'1.1 6bbb2da0f4f203dadcd8f0ae1073d674.cloudfront.net (CloudFront)'), (b'X-Amz-Cf-Pop', b'CDG52-P4'), (b'X-Amz-Cf-Id', b'o2iLiTAdhO7D39MHAnyPeCYNOU7CsNp3uJf6iScIysVCHwMbSJJl-w==')])
2026-07-01 06:33:04,382 [INFO] httpx: HTTP Request: HEAD https://huggingface.co/protectai/deberta-v3-base-prompt-injection-v2/resolve/main/config.json "HTTP/1.1 307 Temporary Redirect"
2026-07-01 06:33:04,383 [DEBUG] httpcore.http11: receive_response_body.started request=<Request [b'HEAD']>
2026-07-01 06:33:04,383 [DEBUG] httpcore.http11: receive_response_body.complete
2026-07-01 06:33:04,384 [DEBUG] httpcore.http11: response_closed.started
2026-07-01 06:33:04,384 [DEBUG] httpcore.http11: response_closed.complete
2026-07-01 06:33:04,385 [DEBUG] httpcore.http11: send_request_headers.started request=<Request [b'HEAD']>
2026-07-01 06:33:04,386 [DEBUG] httpcore.http11: send_request_headers.complete
2026-07-01 06:33:04,386 [DEBUG] httpcore.http11: send_request_body.started request=<Request [b'HEAD']>
2026-07-01 06:33:04,386 [DEBUG] httpcore.http11: send_request_body.complete
2026-07-01 06:33:04,386 [DEBUG] httpcore.http11: receive_response_headers.started request=<Request [b'HEAD']>
2026-07-01 06:33:04,487 [DEBUG] httpcore.http11: receive_response_headers.complete return_value=(b'HTTP/1.1', 200, b'OK', [(b'Content-Type', b'text/plain; charset=utf-8'), (b'Content-Length', b'994'), (b'Connection', b'keep-alive'), (b'Date', b'Sun, 25 Jan 2026 14:41:45 GMT'), (b'ETag', b'"75347aec096be871790c81deeb4175ec9a2be98a"'), (b'X-Powered-By', b'huggingface-moon'), (b'X-Request-Id', b'Root=1-69762ba9-64be0bdb231e688236b94ce8;06898280-8373-432f-83c6-6899f3048bf4'), (b'RateLimit', b'"resolvers";r=2983;t=95'), (b'RateLimit-Policy', b'"fixed window";"resolvers";q=3000;w=300'), (b'cross-origin-opener-policy', b'same-origin'), (b'Referrer-Policy', b'strict-origin-when-cross-origin'), (b'Access-Control-Max-Age', b'86400'), (b'Access-Control-Allow-Origin', b'https://huggingface.co'), (b'Access-Control-Expose-Headers', b'X-Repo-Commit,X-Request-Id,X-Error-Code,X-Error-Message,X-Total-Count,ETag,Link,Accept-Ranges,Content-Range,X-Linked-Size,X-Linked-ETag,X-Xet-Hash'), (b'X-Repo-Commit', b'e6535ca4ce3ba852083e75ec585d7c8aeb4be4c5'), (b'Accept-Ranges', b'bytes'), (b'X-Hub-Cache', b'HIT'), (b'Content-Disposition', b'inline; filename*=UTF-8\'\'config.json; filename="config.json";'), (b'Content-Security-Policy', b"default-src 'none'; sandbox"), (b'Vary', b'Origin'), (b'X-Cache', b'Hit from cloudfront'), (b'Via', b'1.1 6bbb2da0f4f203dadcd8f0ae1073d674.cloudfront.net (CloudFront)'), (b'X-Amz-Cf-Pop', b'CDG52-P4'), (b'X-Amz-Cf-Id', b'BzxeLdFY9qG243Yus2NqCq2fHGFhf0WdW-yZK5_vSCa_e6MGz7Zp4Q=='), (b'Age', b'13535479')])
2026-07-01 06:33:04,489 [INFO] httpx: HTTP Request: HEAD https://huggingface.co/api/resolve-cache/models/protectai/deberta-v3-base-prompt-injection-v2/e6535ca4ce3ba852083e75ec585d7c8aeb4be4c5/config.json "HTTP/1.1 200 OK"
2026-07-01 06:33:04,489 [DEBUG] httpcore.http11: receive_response_body.started request=<Request [b'HEAD']>
2026-07-01 06:33:04,489 [DEBUG] httpcore.http11: receive_response_body.complete
2026-07-01 06:33:04,490 [DEBUG] httpcore.http11: response_closed.started
2026-07-01 06:33:04,490 [DEBUG] httpcore.http11: response_closed.complete
2026-07-01 06:33:04,759 [INFO] lympa.tier2.guardrail: Prompt guardrail model loaded
2026-07-01 06:33:04,759 [INFO] __main__: Lympha running in test mode — press Ctrl+C to stop
2026-07-01 06:33:04,765 [INFO] __main__: Tailing request log: logs/requests.jsonl
2026-07-01 06:33:08,966 [INFO] lympa.orchestrator: Lympha pipeline stopped
2026-07-01 06:33:09,075 [DEBUG] httpcore.connection: close.started
2026-07-01 06:33:09,075 [DEBUG] httpcore.connection: close.complete
